DEB [20170710-16:31:26.081] thr=1   paramiko.transport: starting thread (client mode): 0x3084810L
DEB [20170710-16:31:26.082] thr=1   paramiko.transport: Local version/idstring: SSH-2.0-paramiko_2.1.2
DEB [20170710-16:31:26.091] thr=1   paramiko.transport: Remote version/idstring: SSH-2.0-OpenSSH_6.6.1
INF [20170710-16:31:26.091] thr=1   paramiko.transport: Connected (version 2.0, client OpenSSH_6.6.1)
DEB [20170710-16:31:26.094] thr=1   paramiko.transport: kex algos:[u'curve25519-sha256@libssh.org', u'ecdh-sha2-nistp256', u'ecdh-sha2-nistp384', u'ecdh-sha2-nistp521', u'diffie-hellman-group-exchange-sha256', u'diffie-hellman-group-exchange-sha1', u'diffie-hellman-group14-sha1', u'diffie-hellman-group1-sha1'] server key:[u'ssh-rsa', u'ecdsa-sha2-nistp256', u'ssh-ed25519'] client encrypt:[u'aes128-ctr', u'aes192-ctr', u'aes256-ctr', u'arcfour256', u'arcfour128', u'aes128-gcm@openssh.com', u'aes256-gcm@openssh.com', u'chacha20-poly1305@openssh.com', u'aes128-cbc', u'3des-cbc', u'blowfish-cbc', u'cast128-cbc', u'aes192-cbc', u'aes256-cbc', u'arcfour', u'rijndael-cbc@lysator.liu.se'] server encrypt:[u'aes128-ctr', u'aes192-ctr', u'aes256-ctr', u'arcfour256', u'arcfour128', u'aes128-gcm@openssh.com', u'aes256-gcm@openssh.com', u'chacha20-poly1305@openssh.com', u'aes128-cbc', u'3des-cbc', u'blowfish-cbc', u'cast128-cbc', u'aes192-cbc', u'aes256-cbc', u'arcfour', u'rijndael-cbc@lysator.liu.se'] client mac:[u'hmac-md5-etm@openssh.com', u'hmac-sha1-etm@openssh.com', u'umac-64-etm@openssh.com', u'umac-128-etm@openssh.com', u'hmac-sha2-256-etm@openssh.com', u'hmac-sha2-512-etm@openssh.com', u'hmac-ripemd160-etm@openssh.com', u'hmac-sha1-96-etm@openssh.com', u'hmac-md5-96-etm@openssh.com', u'hmac-md5', u'hmac-sha1', u'umac-64@openssh.com', u'umac-128@openssh.com', u'hmac-sha2-256', u'hmac-sha2-512', u'hmac-ripemd160', u'hmac-ripemd160@openssh.com', u'hmac-sha1-96', u'hmac-md5-96'] server mac:[u'hmac-md5-etm@openssh.com', u'hmac-sha1-etm@openssh.com', u'umac-64-etm@openssh.com', u'umac-128-etm@openssh.com', u'hmac-sha2-256-etm@openssh.com', u'hmac-sha2-512-etm@openssh.com', u'hmac-ripemd160-etm@openssh.com', u'hmac-sha1-96-etm@openssh.com', u'hmac-md5-96-etm@openssh.com', u'hmac-md5', u'hmac-sha1', u'umac-64@openssh.com', u'umac-128@openssh.com', u'hmac-sha2-256', u'hmac-sha2-512', u'hmac-ripemd160', u'hmac-ripemd160@openssh.com', u'hmac-sha1-96', u'hmac-md5-96'] client compress:[u'none', u'zlib@openssh.com'] server compress:[u'none', u'zlib@openssh.com'] client lang:[u''] server lang:[u''] kex follows?False
DEB [20170710-16:31:26.095] thr=1   paramiko.transport: Kex agreed: diffie-hellman-group1-sha1
DEB [20170710-16:31:26.095] thr=1   paramiko.transport: Cipher agreed: aes128-ctr
DEB [20170710-16:31:26.095] thr=1   paramiko.transport: MAC agreed: hmac-sha2-256
DEB [20170710-16:31:26.095] thr=1   paramiko.transport: Compression agreed: none
DEB [20170710-16:31:26.209] thr=1   paramiko.transport: kex engine KexGroup1 specified hash_algo <built-in function openssl_sha1>
DEB [20170710-16:31:26.210] thr=1   paramiko.transport: Switch to new keys ...
DEB [20170710-16:31:26.213] thr=2   paramiko.transport: Adding ssh-rsa host key for 192.168.133.133: ae0c223f38c901ef81a61be4f7d8ea7a
DEB [20170710-16:31:26.250] thr=1   paramiko.transport: userauth is OK
INF [20170710-16:31:26.322] thr=1   paramiko.transport: Authentication (password) successful!
DEB [20170710-16:31:26.325] thr=2   paramiko.transport: [chan 0] Max packet in: 32768 bytes
DEB [20170710-16:31:26.476] thr=1   paramiko.transport: [chan 0] Max packet out: 32768 bytes
DEB [20170710-16:31:26.476] thr=1   paramiko.transport: Secsh channel 0 opened.
DEB [20170710-16:31:26.492] thr=1   paramiko.transport: [chan 0] Sesch channel 0 request ok
DEB [20170710-16:31:26.506] thr=1   paramiko.transport: [chan 0] EOF received (0)
DEB [20170710-16:31:26.507] thr=1   paramiko.transport: [chan 0] EOF sent (0)
DEB [20170710-16:31:35.388] thr=2   paramiko.transport: [chan 1] Max packet in: 32768 bytes
DEB [20170710-16:31:35.390] thr=1   paramiko.transport: [chan 1] Max packet out: 32768 bytes
DEB [20170710-16:31:35.390] thr=1   paramiko.transport: Secsh channel 1 opened.
DEB [20170710-16:31:35.394] thr=1   paramiko.transport: [chan 1] Sesch channel 1 request ok
DEB [20170710-16:31:35.414] thr=1   paramiko.transport: [chan 1] EOF received (1)
DEB [20170710-16:31:35.414] thr=1   paramiko.transport: [chan 1] EOF sent (1)
DEB [20170710-16:31:42.256] thr=2   paramiko.transport: [chan 2] Max packet in: 32768 bytes
DEB [20170710-16:31:42.257] thr=1   paramiko.transport: [chan 2] Max packet out: 32768 bytes
DEB [20170710-16:31:42.257] thr=1   paramiko.transport: Secsh channel 2 opened.
DEB [20170710-16:31:42.260] thr=1   paramiko.transport: [chan 2] Sesch channel 2 request ok
DEB [20170710-16:31:42.269] thr=1   paramiko.transport: [chan 2] EOF received (2)
DEB [20170710-16:31:42.269] thr=1   paramiko.transport: [chan 2] EOF sent (2)
DEB [20170710-16:31:44.645] thr=2   paramiko.transport: [chan 3] Max packet in: 32768 bytes
DEB [20170710-16:31:44.647] thr=1   paramiko.transport: [chan 3] Max packet out: 32768 bytes
DEB [20170710-16:31:44.647] thr=1   paramiko.transport: Secsh channel 3 opened.
DEB [20170710-16:31:44.650] thr=1   paramiko.transport: [chan 3] Sesch channel 3 request ok
DEB [20170710-16:31:44.653] thr=1   paramiko.transport: [chan 3] EOF received (3)
DEB [20170710-16:31:44.653] thr=1   paramiko.transport: [chan 3] EOF sent (3)
DEB [20170710-16:31:46.388] thr=2   paramiko.transport: [chan 4] Max packet in: 32768 bytes
DEB [20170710-16:31:46.390] thr=1   paramiko.transport: [chan 4] Max packet out: 32768 bytes
DEB [20170710-16:31:46.390] thr=1   paramiko.transport: Secsh channel 4 opened.
DEB [20170710-16:31:46.392] thr=1   paramiko.transport: [chan 4] Sesch channel 4 request ok
DEB [20170710-16:31:46.404] thr=1   paramiko.transport: [chan 4] EOF received (4)
DEB [20170710-16:31:46.404] thr=1   paramiko.transport: [chan 4] EOF sent (4)
DEB [20170710-16:31:53.910] thr=1   paramiko.transport: EOF in transport thread
